#
# There is insufficient memory for the Java Runtime Environment to continue.
# Native memory allocation (mmap) failed to map 134217728 bytes for G1 virtual space
# Possible reasons:
#   The system is out of physical RAM or swap space
#   The process is running with CompressedOops enabled, and the Java Heap may be blocking the growth of the native heap
# Possible solutions:
#   Reduce memory load on the system
#   Increase physical memory or swap space
#   Check if swap backing store is full
#   Decrease Java heap size (-Xmx/-Xms)
#   Decrease number of Java threads
#   Decrease Java thread stack sizes (-Xss)
#   Set larger code cache with -XX:ReservedCodeCacheSize=
#   JVM is running with Unscaled Compressed Oops mode in which the Java heap is
#     placed in the first 4GB address space. The Java Heap base address is the
#     maximum limit for the native heap growth. Please use -XX:HeapBaseMinAddress
#     to set the Java Heap base and to place the Java Heap above 4GB virtual address.
# This output file may be truncated or incomplete.
#
#  Out of Memory Error (os_windows.cpp:3466), pid=19688, tid=14584
#
# JRE version:  (16.0.2+7) (build )
# Java VM: OpenJDK 64-Bit Server VM (16.0.2+7-67, mixed mode, sharing, tiered, compressed oops, compressed class ptrs, g1 gc, windows-amd64)
# No core dump will be written. Minidumps are not enabled by default on client versions of Windows
#

---------------  S U M M A R Y ------------

Command Line: -Dfile.encoding=GBK -XX:+ShowCodeDetailsInExceptionMessages DrawingBoxes

Host: Intel(R) Core(TM) i5-6300U CPU @ 2.40GHz, 4 cores, 7G,  Windows 10 , 64 bit Build 18362 (10.0.18362.329)
Time: Thu Sep 23 23:16:32 2021 ¶«²¿ÏÄÁîÊ± elapsed time: 0.039394 seconds (0d 0h 0m 0s)

---------------  T H R E A D  ---------------

Current thread (0x0000017fb32c8db0):  JavaThread "Unknown thread" [_thread_in_vm, id=14584, stack(0x0000002f71c00000,0x0000002f71d00000)]

Stack: [0x0000002f71c00000,0x0000002f71d00000]
Native frames: (J=compiled Java code, j=interpreted, Vv=VM code, C=native code)
V  [jvm.dll+0x6681ca]
V  [jvm.dll+0x7c9e69]
V  [jvm.dll+0x7cb61e]
V  [jvm.dll+0x7cbc73]
V  [jvm.dll+0x242c55]
V  [jvm.dll+0x664f89]
V  [jvm.dll+0x659b75]
V  [jvm.dll+0x2fbfbb]
V  [jvm.dll+0x3031b6]
V  [jvm.dll+0x35299e]
V  [jvm.dll+0x352bcf]
V  [jvm.dll+0x2d3028]
V  [jvm.dll+0x2d4264]
V  [jvm.dll+0x79c741]
V  [jvm.dll+0x360791]
V  [jvm.dll+0x77a3f0]
V  [jvm.dll+0x3e4e8f]
V  [jvm.dll+0x3e6961]
C  [jli.dll+0x52fb]
C  [ucrtbase.dll+0x20e72]
C  [KERNEL32.DLL+0x17bd4]
C  [ntdll.dll+0x6ced1]


---------------  P R O C E S S  ---------------

Threads class SMR info:
_java_thread_list=0x00007ffd5dc9cbb8, length=0, elements={
}

Java Threads: ( => current thread )

Other Threads:
  0x0000017fb330c900 GCTaskThread "GC Thread#0" [stack: 0x0000002f71d00000,0x0000002f71e00000] [id=16664]
  0x0000017fb331dc70 ConcurrentGCThread "G1 Main Marker" [stack: 0x0000002f71e00000,0x0000002f71f00000] [id=14796]
  0x0000017fb331f580 ConcurrentGCThread "G1 Conc#0" [stack: 0x0000002f71f00000,0x0000002f72000000] [id=20392]

[error occurred during error reporting (printing all threads), id 0xc0000005, EXCEPTION_ACCESS_VIOLATION (0xc0000005) at pc=0x00007ffd5d473ee7]

VM state: not at safepoint (not fully initialized)

VM Mutex/Monitor currently owned by a thread:  ([mutex/lock_event])
[0x0000017fb32c51f0] Heap_lock - owner thread: 0x0000017fb32c8db0

Heap address: 0x0000000081c00000, size: 2020 MB, Compressed Oops mode: 32-bit

CDS archive(s) mapped at: [0x0000000000000000-0x0000000000000000-0x0000000000000000), size 0, SharedBaseAddress: 0x0000000800000000, ArchiveRelocationMode: 0.
Narrow klass base: 0x0000000000000000, Narrow klass shift: 0, Narrow klass range: 0x0

GC Precious Log:
<Empty>

Heap:
 garbage-first heap   total 0K, used 0K [0x0000000081c00000, 0x0000000100000000)
  region size 1024K, 0 young (0K), 0 survivors (0K)

[error occurred during error reporting (printing heap information), id 0xc0000005, EXCEPTION_ACCESS_VIOLATION (0xc0000005) at pc=0x00007ffd5d851eed]

GC Heap History (0 events):
No events

Deoptimization events (0 events):
No events

Classes unloaded (0 events):
No events

Classes redefined (0 events):
No events

Internal exceptions (0 events):
No events

Events (1 events):
Event: 0.025 Loaded shared library C:\Users\hp\.p2\pool\plugins\org.eclipse.justj.openjdk.hotspot.jre.full.win32.x86_64_16.0.2.v20210721-1149\jre\bin\java.dll


Dynamic libraries:
0x00007ff7ce290000 - 0x00007ff7ce29e000 	C:\Users\hp\.p2\pool\plugins\org.eclipse.justj.openjdk.hotspot.jre.full.win32.x86_64_16.0.2.v20210721-1149\jre\bin\javaw.exe
0x00007ffdcffa0000 - 0x00007ffdd0190000 	C:\Windows\SYSTEM32\ntdll.dll
0x00007ffdcec00000 - 0x00007ffdcecb2000 	C:\Windows\System32\KERNEL32.DLL
0x00007ffdcdbb0000 - 0x00007ffdcde53000 	C:\Windows\System32\KERNELBASE.dll
0x00007ffdccf30000 - 0x00007ffdcd02a000 	C:\Windows\System32\ucrtbase.dll
0x00007ffd88130000 - 0x00007ffd88148000 	C:\Users\hp\.p2\pool\plugins\org.eclipse.justj.openjdk.hotspot.jre.full.win32.x86_64_16.0.2.v20210721-1149\jre\bin\jli.dll
0x00007ffdcea00000 - 0x00007ffdceb94000 	C:\Windows\System32\USER32.dll
0x00007ffdcd0e0000 - 0x00007ffdcd101000 	C:\Windows\System32\win32u.dll
0x00007ffdce0d0000 - 0x00007ffdce0f6000 	C:\Windows\System32\GDI32.dll
0x00007ffdcd170000 - 0x00007ffdcd304000 	C:\Windows\System32\gdi32full.dll
0x00007ffdcdfb0000 - 0x00007ffdce04e000 	C:\Windows\System32\msvcp_win.dll
0x00007ffdbab60000 - 0x00007ffdbade5000 	C:\Windows\WinSxS\amd64_microsoft.windows.common-controls_6595b64144ccf1df_6.0.18362.418_none_e6c6b287130d565d\COMCTL32.dll
0x00007ffdcef50000 - 0x00007ffdcefee000 	C:\Windows\System32\msvcrt.dll
0x00007ffdcfb70000 - 0x00007ffdcfea6000 	C:\Windows\System32\combase.dll
0x00007ffd82180000 - 0x00007ffd82199000 	C:\Users\hp\.p2\pool\plugins\org.eclipse.justj.openjdk.hotspot.jre.full.win32.x86_64_16.0.2.v20210721-1149\jre\bin\VCRUNTIME140.dll
0x00007ffdcee30000 - 0x00007ffdcef50000 	C:\Windows\System32\RPCRT4.dll
0x00007ffdcd060000 - 0x00007ffdcd0e0000 	C:\Windows\System32\bcryptPrimitives.dll
0x00007ffdce110000 - 0x00007ffdce13e000 	C:\Windows\System32\IMM32.DLL
0x00007ffdba320000 - 0x00007ffdba32c000 	C:\Users\hp\.p2\pool\plugins\org.eclipse.justj.openjdk.hotspot.jre.full.win32.x86_64_16.0.2.v20210721-1149\jre\bin\vcruntime140_1.dll
0x00007ffd7a590000 - 0x00007ffd7a621000 	C:\Users\hp\.p2\pool\plugins\org.eclipse.justj.openjdk.hotspot.jre.full.win32.x86_64_16.0.2.v20210721-1149\jre\bin\msvcp140.dll
0x00007ffd5d190000 - 0x00007ffd5dd3b000 	C:\Users\hp\.p2\pool\plugins\org.eclipse.justj.openjdk.hotspot.jre.full.win32.x86_64_16.0.2.v20210721-1149\jre\bin\server\jvm.dll
0x00007ffdcfeb0000 - 0x00007ffdcff53000 	C:\Windows\System32\ADVAPI32.dll
0x00007ffdcecc0000 - 0x00007ffdced57000 	C:\Windows\System32\sechost.dll
0x00007ffdcf620000 - 0x00007ffdcf628000 	C:\Windows\System32\PSAPI.DLL
0x00007ffdc72d0000 - 0x00007ffdc72f4000 	C:\Windows\SYSTEM32\WINMM.dll
0x00007ffdc3540000 - 0x00007ffdc3549000 	C:\Windows\SYSTEM32\WSOCK32.dll
0x00007ffdcf630000 - 0x00007ffdcf69f000 	C:\Windows\System32\WS2_32.dll
0x00007ffdcca70000 - 0x00007ffdcca7a000 	C:\Windows\SYSTEM32\VERSION.dll
0x00007ffdc6f30000 - 0x00007ffdc6f5d000 	C:\Windows\SYSTEM32\winmmbase.dll
0x00007ffdcd310000 - 0x00007ffdcd35a000 	C:\Windows\System32\cfgmgr32.dll
0x00007ffdcce80000 - 0x00007ffdcce91000 	C:\Windows\System32\kernel.appcore.dll
0x00007ffdc3da0000 - 0x00007ffdc3daa000 	C:\Users\hp\.p2\pool\plugins\org.eclipse.justj.openjdk.hotspot.jre.full.win32.x86_64_16.0.2.v20210721-1149\jre\bin\jimage.dll
0x00007ffdcb7f0000 - 0x00007ffdcb9e4000 	C:\Windows\SYSTEM32\DBGHELP.DLL
0x00007ffdaf190000 - 0x00007ffdaf1ba000 	C:\Windows\SYSTEM32\dbgcore.DLL
0x00007ffdb7ed0000 - 0x00007ffdb7ef5000 	C:\Users\hp\.p2\pool\plugins\org.eclipse.justj.openjdk.hotspot.jre.full.win32.x86_64_16.0.2.v20210721-1149\jre\bin\java.dll

dbghelp: loaded successfully - version: 4.0.5 - missing functions: none
symbol engine: initialized successfully - sym options: 0x614 - pdb path: .;C:\Users\hp\.p2\pool\plugins\org.eclipse.justj.openjdk.hotspot.jre.full.win32.x86_64_16.0.2.v20210721-1149\jre\bin;C:\Windows\SYSTEM32;C:\Windows\WinSxS\amd64_microsoft.windows.common-controls_6595b64144ccf1df_6.0.18362.418_none_e6c6b287130d565d;C:\Users\hp\.p2\pool\plugins\org.eclipse.justj.openjdk.hotspot.jre.full.win32.x86_64_16.0.2.v20210721-1149\jre\bin\server

VM Arguments:
jvm_args: -Dfile.encoding=GBK -XX:+ShowCodeDetailsInExceptionMessages 
java_command: DrawingBoxes
java_class_path (initial): C:\Users\hp\workspace\java\Assignment1\bin
Launcher Type: SUN_STANDARD

[Global flags]
     intx CICompilerCount                          = 3                                         {product} {ergonomic}
     uint ConcGCThreads                            = 1                                         {product} {ergonomic}
     uint G1ConcRefinementThreads                  = 4                                         {product} {ergonomic}
   size_t G1HeapRegionSize                         = 1048576                                   {product} {ergonomic}
    uintx GCDrainStackTargetSize                   = 64                                        {product} {ergonomic}
   size_t InitialHeapSize                          = 134217728                                 {product} {ergonomic}
   size_t MarkStackSize                            = 4194304                                   {product} {ergonomic}
   size_t MaxHeapSize                              = 2118123520                                {product} {ergonomic}
   size_t MinHeapDeltaBytes                        = 1048576                                   {product} {ergonomic}
   size_t MinHeapSize                              = 8388608                                   {product} {ergonomic}
    uintx NonNMethodCodeHeapSize                   = 5832780                                {pd product} {ergonomic}
    uintx NonProfiledCodeHeapSize                  = 122912730                              {pd product} {ergonomic}
    uintx ProfiledCodeHeapSize                     = 122912730                              {pd product} {ergonomic}
    uintx ReservedCodeCacheSize                    = 251658240                              {pd product} {ergonomic}
     bool SegmentedCodeCache                       = true                                      {product} {ergonomic}
     bool ShowCodeDetailsInExceptionMessages       = true                                   {manageable} {command line}
   size_t SoftMaxHeapSize                          = 2118123520                             {manageable} {ergonomic}
     bool UseCompressedClassPointers               = true                           {product lp64_product} {ergonomic}
     bool UseCompressedOops                        = true                           {product lp64_product} {ergonomic}
     bool UseG1GC                                  = true                                      {product} {ergonomic}
     bool UseLargePagesIndividualAllocation        = false                                  {pd product} {ergonomic}

Logging:
Log output configuration:
 #0: stdout all=warning uptime,level,tags
 #1: stderr all=off uptime,level,tags

Environment Variables:
PATH=C:/Users/hp/.p2/pool/plugins/org.eclipse.justj.openjdk.hotspot.jre.full.win32.x86_64_16.0.2.v20210721-1149/jre/bin/server;C:/Users/hp/.p2/pool/plugins/org.eclipse.justj.openjdk.hotspot.jre.full.win32.x86_64_16.0.2.v20210721-1149/jre/bin;E:\bin;C:\Windows\system32;C:\Windows;C:\Windows\System32\Wbem;C:\Windows\System32\WindowsPowerShell\v1.0\;C:\Windows\System32\OpenSSH\;C:\Program Files\Git\cmd;C:\Users\hp\AppData\Local\Programs\Python\Python39\Scripts\;C:\Users\hp\AppData\Local\Programs\Python\Python39\;C:\Users\hp\AppData\Local\Microsoft\WindowsApps;C:\Users\hp\AppData\Local\GitHubDesktop\bin;E:\IntelliJ IDEA Community Edition 2021.2.2\bin;;C:\Users\hp\Desktop;
USERNAME=hp
OS=Windows_NT
PROCESSOR_IDENTIFIER=Intel64 Family 6 Model 78 Stepping 3, GenuineIntel



---------------  S Y S T E M  ---------------

OS:
 Windows 10 , 64 bit Build 18362 (10.0.18362.329)
OS uptime: 2 days 10:20 hours

CPU: total 4 (initial active 4) (2 cores per cpu, 2 threads per core) family 6 model 78 stepping 3 microcode 0xc6, cx8, cmov, fxsr, ht, mmx, 3dnowpref, sse, sse2, sse3, ssse3, sse4.1, sse4.2, popcnt, lzcnt, tsc, tscinvbit, avx, avx2, aes, erms, clmul, bmi1, bmi2, rtm, adx, fma, vzeroupper, clflush, clflushopt

Memory: 4k page, system-wide physical 8072M (589M free)
TotalPageFile size 19985M (AvailPageFile size 17M)
current process WorkingSet (physical memory assigned to process): 10M, peak: 10M
current process commit charge ("private bytes"): 51M, peak: 179M

vm_info: OpenJDK 64-Bit Server VM (16.0.2+7-67) for windows-amd64 JRE (16.0.2+7-67), built on Jun  8 2021 23:21:43 by "mach5one" with MS VC++ 16.7 (VS2019)

END.
