#
# There is insufficient memory for the Java Runtime Environment to continue.
# Native memory allocation (malloc) failed to allocate 120016 bytes for Chunk::new
# Possible reasons:
#   The system is out of physical RAM or swap space
#   The process is running with CompressedOops enabled, and the Java Heap may be blocking the growth of the native heap
# Possible solutions:
#   Reduce memory load on the system
#   Increase physical memory or swap space
#   Check if swap backing store is full
#   Decrease Java heap size (-Xmx/-Xms)
#   Decrease number of Java threads
#   Decrease Java thread stack sizes (-Xss)
#   Set larger code cache with -XX:ReservedCodeCacheSize=
#   JVM is running with Unscaled Compressed Oops mode in which the Java heap is
#     placed in the first 4GB address space. The Java Heap base address is the
#     maximum limit for the native heap growth. Please use -XX:HeapBaseMinAddress
#     to set the Java Heap base and to place the Java Heap above 4GB virtual address.
# This output file may be truncated or incomplete.
#
#  Out of Memory Error (arena.cpp:195), pid=18224, tid=15772
#
# JRE version: OpenJDK Runtime Environment (16.0.2+7) (build 16.0.2+7-67)
# Java VM: OpenJDK 64-Bit Server VM (16.0.2+7-67, mixed mode, tiered, compressed oops, compressed class ptrs, g1 gc, windows-amd64)
# No core dump will be written. Minidumps are not enabled by default on client versions of Windows
#

---------------  S U M M A R Y ------------

Command Line: -XX:+ShowCodeDetailsInExceptionMessages -agentlib:jdwp=transport=dt_socket,suspend=y,address=localhost:54627 -javaagent:E:\.eclipse\eclipse\configuration\org.eclipse.osgi\222\0\.cp\lib\javaagent-shaded.jar -Dfile.encoding=GBK DrawingBoxes

Host: Intel(R) Core(TM) i5-6300U CPU @ 2.40GHz, 4 cores, 7G,  Windows 10 , 64 bit Build 18362 (10.0.18362.329)
Time: Thu Sep 23 23:09:13 2021 ¶«²¿ÏÄÁîÊ± elapsed time: 0.919825 seconds (0d 0h 0m 0s)

---------------  T H R E A D  ---------------

Current thread (0x000002b51f438a90):  JavaThread "C2 CompilerThread0" daemon [_thread_in_native, id=15772, stack(0x000000dbd6c00000,0x000000dbd6d00000)]


Current CompileTask:
C2:    919  349 %     4       sun.security.provider.SHA2::implCompress0 @ 3 (466 bytes)

Stack: [0x000000dbd6c00000,0x000000dbd6d00000]
Native frames: (J=compiled Java code, j=interpreted, Vv=VM code, C=native code)
V  [jvm.dll+0x6681ca]
V  [jvm.dll+0x7c9e69]
V  [jvm.dll+0x7cb61e]
V  [jvm.dll+0x7cbc73]
V  [jvm.dll+0x242c55]
V  [jvm.dll+0xadeba]
V  [jvm.dll+0xae45c]
V  [jvm.dll+0x2a4cdf]
V  [jvm.dll+0x573c29]
V  [jvm.dll+0x21e48e]
V  [jvm.dll+0x21798d]
V  [jvm.dll+0x214ffc]
V  [jvm.dll+0x1a1beb]
V  [jvm.dll+0x225158]
V  [jvm.dll+0x22319c]
V  [jvm.dll+0x77fa62]
V  [jvm.dll+0x7795aa]
V  [jvm.dll+0x667066]
C  [ucrtbase.dll+0x20e72]
C  [KERNEL32.DLL+0x17bd4]
C  [ntdll.dll+0x6ced1]


---------------  P R O C E S S  ---------------

Threads class SMR info:
_java_thread_list=0x000002b5203df050, length=15, elements={
0x000002b505e6b1d0, 0x000002b51f412260, 0x000002b51f4130b0, 0x000002b51f3fe670,
0x000002b51f435010, 0x000002b51f435530, 0x000002b51f435e40, 0x000002b51f438a90,
0x000002b52008af50, 0x000002b52009b490, 0x000002b5201013d0, 0x000002b520283060,
0x000002b520298810, 0x000002b52029ad60, 0x000002b5203e1180
}

Java Threads: ( => current thread )
  0x000002b505e6b1d0 JavaThread "main" [_thread_in_vm, id=20100, stack(0x000000dbd5f00000,0x000000dbd6000000)]
  0x000002b51f412260 JavaThread "Reference Handler" daemon [_thread_blocked, id=3308, stack(0x000000dbd6600000,0x000000dbd6700000)]
  0x000002b51f4130b0 JavaThread "Finalizer" daemon [_thread_blocked, id=5528, stack(0x000000dbd6700000,0x000000dbd6800000)]
  0x000002b51f3fe670 JavaThread "Signal Dispatcher" daemon [_thread_blocked, id=20996, stack(0x000000dbd6800000,0x000000dbd6900000)]
  0x000002b51f435010 JavaThread "Attach Listener" daemon [_thread_blocked, id=6048, stack(0x000000dbd6900000,0x000000dbd6a00000)]
  0x000002b51f435530 JavaThread "Service Thread" daemon [_thread_blocked, id=19924, stack(0x000000dbd6a00000,0x000000dbd6b00000)]
  0x000002b51f435e40 JavaThread "Monitor Deflation Thread" daemon [_thread_blocked, id=672, stack(0x000000dbd6b00000,0x000000dbd6c00000)]
=>0x000002b51f438a90 JavaThread "C2 CompilerThread0" daemon [_thread_in_native, id=15772, stack(0x000000dbd6c00000,0x000000dbd6d00000)]
  0x000002b52008af50 JavaThread "C1 CompilerThread0" daemon [_thread_blocked, id=14616, stack(0x000000dbd6d00000,0x000000dbd6e00000)]
  0x000002b52009b490 JavaThread "Sweeper thread" daemon [_thread_blocked, id=8700, stack(0x000000dbd6e00000,0x000000dbd6f00000)]
  0x000002b5201013d0 JavaThread "Common-Cleaner" daemon [_thread_blocked, id=6448, stack(0x000000dbd6f00000,0x000000dbd7000000)]
  0x000002b520283060 JavaThread "JDWP Transport Listener: dt_socket" daemon [_thread_blocked, id=19784, stack(0x000000dbd7000000,0x000000dbd7100000)]
  0x000002b520298810 JavaThread "JDWP Event Helper Thread" daemon [_thread_blocked, id=20936, stack(0x000000dbd7100000,0x000000dbd7200000)]
  0x000002b52029ad60 JavaThread "JDWP Command Reader" daemon [_thread_in_native, id=12432, stack(0x000000dbd7200000,0x000000dbd7300000)]
  0x000002b5203e1180 JavaThread "Notification Thread" daemon [_thread_blocked, id=19472, stack(0x000000dbd7300000,0x000000dbd7400000)]

Other Threads:
  0x000002b51f3ed110 VMThread "VM Thread" [stack: 0x000000dbd6500000,0x000000dbd6600000] [id=14204]
  0x000002b505eadf30 GCTaskThread "GC Thread#0" [stack: 0x000000dbd6000000,0x000000dbd6100000] [id=6344]
  0x000002b505ec02b0 ConcurrentGCThread "G1 Main Marker" [stack: 0x000000dbd6100000,0x000000dbd6200000] [id=16124]
  0x000002b505ec0bb0 ConcurrentGCThread "G1 Conc#0" [stack: 0x000000dbd6200000,0x000000dbd6300000] [id=18628]
  0x000002b505f3de30 ConcurrentGCThread "G1 Refine#0" [stack: 0x000000dbd6300000,0x000000dbd6400000] [id=17400]
  0x000002b505f3e740 ConcurrentGCThread "G1 Service" [stack: 0x000000dbd6400000,0x000000dbd6500000] [id=14064]

Threads with active compile tasks:
C2 CompilerThread0      982  349 %     4       sun.security.provider.SHA2::implCompress0 @ 3 (466 bytes)

VM state: not at safepoint (normal execution)

VM Mutex/Monitor currently owned by a thread:  ([mutex/lock_event])
[0x000002b505e5f260] MetaspaceExpand_lock - owner thread: 0x000002b505e6b1d0

Heap address: 0x0000000081c00000, size: 2020 MB, Compressed Oops mode: 32-bit

CDS disabled.
Compressed class space mapped at: 0x0000000100000000-0x0000000140000000, reserved size: 1073741824
Narrow klass base: 0x0000000000000000, Narrow klass shift: 3, Narrow klass range: 0x140000000

GC Precious Log:
 CPUs: 4 total, 4 available
 Memory: 8072M
 Large Page Support: Disabled
 NUMA Support: Disabled
 Compressed Oops: Enabled (32-bit)
 Heap Region Size: 1M
 Heap Min Capacity: 8M
 Heap Initial Capacity: 128M
 Heap Max Capacity: 2020M
 Pre-touch: Disabled
 Parallel Workers: 4
 Concurrent Workers: 1
 Concurrent Refinement Workers: 4
 Periodic GC: Disabled

Heap:
 garbage-first heap   total 131072K, used 4096K [0x0000000081c00000, 0x0000000100000000)
  region size 1024K, 5 young (5120K), 0 survivors (0K)
 Metaspace       used 8850K, committed 8960K, reserved 1064960K
  class space    used 756K, committed 832K, reserved 1048576K

Heap Regions: E=young(eden), S=young(survivor), O=old, HS=humongous(starts), HC=humongous(continues), CS=collection set, F=free, OA=open archive, CA=closed archive, TAMS=top-at-mark-start (previous, next)
|   0|0x0000000081c00000, 0x0000000081c00000, 0x0000000081d00000|  0%| F|  |TAMS 0x0000000081c00000, 0x0000000081c00000| Untracked 
|   1|0x0000000081d00000, 0x0000000081d00000, 0x0000000081e00000|  0%| F|  |TAMS 0x0000000081d00000, 0x0000000081d00000| Untracked 
|   2|0x0000000081e00000, 0x0000000081e00000, 0x0000000081f00000|  0%| F|  |TAMS 0x0000000081e00000, 0x0000000081e00000| Untracked 
|   3|0x0000000081f00000, 0x0000000081f00000, 0x0000000082000000|  0%| F|  |TAMS 0x0000000081f00000, 0x0000000081f00000| Untracked 
|   4|0x0000000082000000, 0x0000000082000000, 0x0000000082100000|  0%| F|  |TAMS 0x0000000082000000, 0x0000000082000000| Untracked 
|   5|0x0000000082100000, 0x0000000082100000, 0x0000000082200000|  0%| F|  |TAMS 0x0000000082100000, 0x0000000082100000| Untracked 
|   6|0x0000000082200000, 0x0000000082200000, 0x0000000082300000|  0%| F|  |TAMS 0x0000000082200000, 0x0000000082200000| Untracked 
|   7|0x0000000082300000, 0x0000000082300000, 0x0000000082400000|  0%| F|  |TAMS 0x0000000082300000, 0x0000000082300000| Untracked 
|   8|0x0000000082400000, 0x0000000082400000, 0x0000000082500000|  0%| F|  |TAMS 0x0000000082400000, 0x0000000082400000| Untracked 
|   9|0x0000000082500000, 0x0000000082500000, 0x0000000082600000|  0%| F|  |TAMS 0x0000000082500000, 0x0000000082500000| Untracked 
|  10|0x0000000082600000, 0x0000000082600000, 0x0000000082700000|  0%| F|  |TAMS 0x0000000082600000, 0x0000000082600000| Untracked 
|  11|0x0000000082700000, 0x0000000082700000, 0x0000000082800000|  0%| F|  |TAMS 0x0000000082700000, 0x0000000082700000| Untracked 
|  12|0x0000000082800000, 0x0000000082800000, 0x0000000082900000|  0%| F|  |TAMS 0x0000000082800000, 0x0000000082800000| Untracked 
|  13|0x0000000082900000, 0x0000000082900000, 0x0000000082a00000|  0%| F|  |TAMS 0x0000000082900000, 0x0000000082900000| Untracked 
|  14|0x0000000082a00000, 0x0000000082a00000, 0x0000000082b00000|  0%| F|  |TAMS 0x0000000082a00000, 0x0000000082a00000| Untracked 
|  15|0x0000000082b00000, 0x0000000082b00000, 0x0000000082c00000|  0%| F|  |TAMS 0x0000000082b00000, 0x0000000082b00000| Untracked 
|  16|0x0000000082c00000, 0x0000000082c00000, 0x0000000082d00000|  0%| F|  |TAMS 0x0000000082c00000, 0x0000000082c00000| Untracked 
|  17|0x0000000082d00000, 0x0000000082d00000, 0x0000000082e00000|  0%| F|  |TAMS 0x0000000082d00000, 0x0000000082d00000| Untracked 
|  18|0x0000000082e00000, 0x0000000082e00000, 0x0000000082f00000|  0%| F|  |TAMS 0x0000000082e00000, 0x0000000082e00000| Untracked 
|  19|0x0000000082f00000, 0x0000000082f00000, 0x0000000083000000|  0%| F|  |TAMS 0x0000000082f00000, 0x0000000082f00000| Untracked 
|  20|0x0000000083000000, 0x0000000083000000, 0x0000000083100000|  0%| F|  |TAMS 0x0000000083000000, 0x0000000083000000| Untracked 
|  21|0x0000000083100000, 0x0000000083100000, 0x0000000083200000|  0%| F|  |TAMS 0x0000000083100000, 0x0000000083100000| Untracked 
|  22|0x0000000083200000, 0x0000000083200000, 0x0000000083300000|  0%| F|  |TAMS 0x0000000083200000, 0x0000000083200000| Untracked 
|  23|0x0000000083300000, 0x0000000083300000, 0x0000000083400000|  0%| F|  |TAMS 0x0000000083300000, 0x0000000083300000| Untracked 
|  24|0x0000000083400000, 0x0000000083400000, 0x0000000083500000|  0%| F|  |TAMS 0x0000000083400000, 0x0000000083400000| Untracked 
|  25|0x0000000083500000, 0x0000000083500000, 0x0000000083600000|  0%| F|  |TAMS 0x0000000083500000, 0x0000000083500000| Untracked 
|  26|0x0000000083600000, 0x0000000083600000, 0x0000000083700000|  0%| F|  |TAMS 0x0000000083600000, 0x0000000083600000| Untracked 
|  27|0x0000000083700000, 0x0000000083700000, 0x0000000083800000|  0%| F|  |TAMS 0x0000000083700000, 0x0000000083700000| Untracked 
|  28|0x0000000083800000, 0x0000000083800000, 0x0000000083900000|  0%| F|  |TAMS 0x0000000083800000, 0x0000000083800000| Untracked 
|  29|0x0000000083900000, 0x0000000083900000, 0x0000000083a00000|  0%| F|  |TAMS 0x0000000083900000, 0x0000000083900000| Untracked 
|  30|0x0000000083a00000, 0x0000000083a00000, 0x0000000083b00000|  0%| F|  |TAMS 0x0000000083a00000, 0x0000000083a00000| Untracked 
|  31|0x0000000083b00000, 0x0000000083b00000, 0x0000000083c00000|  0%| F|  |TAMS 0x0000000083b00000, 0x0000000083b00000| Untracked 
|  32|0x0000000083c00000, 0x0000000083c00000, 0x0000000083d00000|  0%| F|  |TAMS 0x0000000083c00000, 0x0000000083c00000| Untracked 
|  33|0x0000000083d00000, 0x0000000083d00000, 0x0000000083e00000|  0%| F|  |TAMS 0x0000000083d00000, 0x0000000083d00000| Untracked 
|  34|0x0000000083e00000, 0x0000000083e00000, 0x0000000083f00000|  0%| F|  |TAMS 0x0000000083e00000, 0x0000000083e00000| Untracked 
|  35|0x0000000083f00000, 0x0000000083f00000, 0x0000000084000000|  0%| F|  |TAMS 0x0000000083f00000, 0x0000000083f00000| Untracked 
|  36|0x0000000084000000, 0x0000000084000000, 0x0000000084100000|  0%| F|  |TAMS 0x0000000084000000, 0x0000000084000000| Untracked 
|  37|0x0000000084100000, 0x0000000084100000, 0x0000000084200000|  0%| F|  |TAMS 0x0000000084100000, 0x0000000084100000| Untracked 
|  38|0x0000000084200000, 0x0000000084200000, 0x0000000084300000|  0%| F|  |TAMS 0x0000000084200000, 0x0000000084200000| Untracked 
|  39|0x0000000084300000, 0x0000000084300000, 0x0000000084400000|  0%| F|  |TAMS 0x0000000084300000, 0x0000000084300000| Untracked 
|  40|0x0000000084400000, 0x0000000084400000, 0x0000000084500000|  0%| F|  |TAMS 0x0000000084400000, 0x0000000084400000| Untracked 
|  41|0x0000000084500000, 0x0000000084500000, 0x0000000084600000|  0%| F|  |TAMS 0x0000000084500000, 0x0000000084500000| Untracked 
|  42|0x0000000084600000, 0x0000000084600000, 0x0000000084700000|  0%| F|  |TAMS 0x0000000084600000, 0x0000000084600000| Untracked 
|  43|0x0000000084700000, 0x0000000084700000, 0x0000000084800000|  0%| F|  |TAMS 0x0000000084700000, 0x0000000084700000| Untracked 
|  44|0x0000000084800000, 0x0000000084800000, 0x0000000084900000|  0%| F|  |TAMS 0x0000000084800000, 0x0000000084800000| Untracked 
|  45|0x0000000084900000, 0x0000000084900000, 0x0000000084a00000|  0%| F|  |TAMS 0x0000000084900000, 0x0000000084900000| Untracked 
|  46|0x0000000084a00000, 0x0000000084a00000, 0x0000000084b00000|  0%| F|  |TAMS 0x0000000084a00000, 0x0000000084a00000| Untracked 
|  47|0x0000000084b00000, 0x0000000084b00000, 0x0000000084c00000|  0%| F|  |TAMS 0x0000000084b00000, 0x0000000084b00000| Untracked 
|  48|0x0000000084c00000, 0x0000000084c00000, 0x0000000084d00000|  0%| F|  |TAMS 0x0000000084c00000, 0x0000000084c00000| Untracked 
|  49|0x0000000084d00000, 0x0000000084d00000, 0x0000000084e00000|  0%| F|  |TAMS 0x0000000084d00000, 0x0000000084d00000| Untracked 
|  50|0x0000000084e00000, 0x0000000084e00000, 0x0000000084f00000|  0%| F|  |TAMS 0x0000000084e00000, 0x0000000084e00000| Untracked 
|  51|0x0000000084f00000, 0x0000000084f00000, 0x0000000085000000|  0%| F|  |TAMS 0x0000000084f00000, 0x0000000084f00000| Untracked 
|  52|0x0000000085000000, 0x0000000085000000, 0x0000000085100000|  0%| F|  |TAMS 0x0000000085000000, 0x0000000085000000| Untracked 
|  53|0x0000000085100000, 0x0000000085100000, 0x0000000085200000|  0%| F|  |TAMS 0x0000000085100000, 0x0000000085100000| Untracked 
|  54|0x0000000085200000, 0x0000000085200000, 0x0000000085300000|  0%| F|  |TAMS 0x0000000085200000, 0x0000000085200000| Untracked 
|  55|0x0000000085300000, 0x0000000085300000, 0x0000000085400000|  0%| F|  |TAMS 0x0000000085300000, 0x0000000085300000| Untracked 
|  56|0x0000000085400000, 0x0000000085400000, 0x0000000085500000|  0%| F|  |TAMS 0x0000000085400000, 0x0000000085400000| Untracked 
|  57|0x0000000085500000, 0x0000000085500000, 0x0000000085600000|  0%| F|  |TAMS 0x0000000085500000, 0x0000000085500000| Untracked 
|  58|0x0000000085600000, 0x0000000085600000, 0x0000000085700000|  0%| F|  |TAMS 0x0000000085600000, 0x0000000085600000| Untracked 
|  59|0x0000000085700000, 0x0000000085700000, 0x0000000085800000|  0%| F|  |TAMS 0x0000000085700000, 0x0000000085700000| Untracked 
|  60|0x0000000085800000, 0x0000000085800000, 0x0000000085900000|  0%| F|  |TAMS 0x0000000085800000, 0x0000000085800000| Untracked 
|  61|0x0000000085900000, 0x0000000085900000, 0x0000000085a00000|  0%| F|  |TAMS 0x0000000085900000, 0x0000000085900000| Untracked 
|  62|0x0000000085a00000, 0x0000000085a00000, 0x0000000085b00000|  0%| F|  |TAMS 0x0000000085a00000, 0x0000000085a00000| Untracked 
|  63|0x0000000085b00000, 0x0000000085b00000, 0x0000000085c00000|  0%| F|  |TAMS 0x0000000085b00000, 0x0000000085b00000| Untracked 
|  64|0x0000000085c00000, 0x0000000085c00000, 0x0000000085d00000|  0%| F|  |TAMS 0x0000000085c00000, 0x0000000085c00000| Untracked 
|  65|0x0000000085d00000, 0x0000000085d00000, 0x0000000085e00000|  0%| F|  |TAMS 0x0000000085d00000, 0x0000000085d00000| Untracked 
|  66|0x0000000085e00000, 0x0000000085e00000, 0x0000000085f00000|  0%| F|  |TAMS 0x0000000085e00000, 0x0000000085e00000| Untracked 
|  67|0x0000000085f00000, 0x0000000085f00000, 0x0000000086000000|  0%| F|  |TAMS 0x0000000085f00000, 0x0000000085f00000| Untracked 
|  68|0x0000000086000000, 0x0000000086000000, 0x0000000086100000|  0%| F|  |TAMS 0x0000000086000000, 0x0000000086000000| Untracked 
|  69|0x0000000086100000, 0x0000000086100000, 0x0000000086200000|  0%| F|  |TAMS 0x0000000086100000, 0x0000000086100000| Untracked 
|  70|0x0000000086200000, 0x0000000086200000, 0x0000000086300000|  0%| F|  |TAMS 0x0000000086200000, 0x0000000086200000| Untracked 
|  71|0x0000000086300000, 0x0000000086300000, 0x0000000086400000|  0%| F|  |TAMS 0x0000000086300000, 0x0000000086300000| Untracked 
|  72|0x0000000086400000, 0x0000000086400000, 0x0000000086500000|  0%| F|  |TAMS 0x0000000086400000, 0x0000000086400000| Untracked 
|  73|0x0000000086500000, 0x0000000086500000, 0x0000000086600000|  0%| F|  |TAMS 0x0000000086500000, 0x0000000086500000| Untracked 
|  74|0x0000000086600000, 0x0000000086600000, 0x0000000086700000|  0%| F|  |TAMS 0x0000000086600000, 0x0000000086600000| Untracked 
|  75|0x0000000086700000, 0x0000000086700000, 0x0000000086800000|  0%| F|  |TAMS 0x0000000086700000, 0x0000000086700000| Untracked 
|  76|0x0000000086800000, 0x0000000086800000, 0x0000000086900000|  0%| F|  |TAMS 0x0000000086800000, 0x0000000086800000| Untracked 
|  77|0x0000000086900000, 0x0000000086900000, 0x0000000086a00000|  0%| F|  |TAMS 0x0000000086900000, 0x0000000086900000| Untracked 
|  78|0x0000000086a00000, 0x0000000086a00000, 0x0000000086b00000|  0%| F|  |TAMS 0x0000000086a00000, 0x0000000086a00000| Untracked 
|  79|0x0000000086b00000, 0x0000000086b00000, 0x0000000086c00000|  0%| F|  |TAMS 0x0000000086b00000, 0x0000000086b00000| Untracked 
|  80|0x0000000086c00000, 0x0000000086c00000, 0x0000000086d00000|  0%| F|  |TAMS 0x0000000086c00000, 0x0000000086c00000| Untracked 
|  81|0x0000000086d00000, 0x0000000086d00000, 0x0000000086e00000|  0%| F|  |TAMS 0x0000000086d00000, 0x0000000086d00000| Untracked 
|  82|0x0000000086e00000, 0x0000000086e00000, 0x0000000086f00000|  0%| F|  |TAMS 0x0000000086e00000, 0x0000000086e00000| Untracked 
|  83|0x0000000086f00000, 0x0000000086f00000, 0x0000000087000000|  0%| F|  |TAMS 0x0000000086f00000, 0x0000000086f00000| Untracked 
|  84|0x0000000087000000, 0x0000000087000000, 0x0000000087100000|  0%| F|  |TAMS 0x0000000087000000, 0x0000000087000000| Untracked 
|  85|0x0000000087100000, 0x0000000087100000, 0x0000000087200000|  0%| F|  |TAMS 0x0000000087100000, 0x0000000087100000| Untracked 
|  86|0x0000000087200000, 0x0000000087200000, 0x0000000087300000|  0%| F|  |TAMS 0x0000000087200000, 0x0000000087200000| Untracked 
|  87|0x0000000087300000, 0x0000000087300000, 0x0000000087400000|  0%| F|  |TAMS 0x0000000087300000, 0x0000000087300000| Untracked 
|  88|0x0000000087400000, 0x0000000087400000, 0x0000000087500000|  0%| F|  |TAMS 0x0000000087400000, 0x0000000087400000| Untracked 
|  89|0x0000000087500000, 0x0000000087500000, 0x0000000087600000|  0%| F|  |TAMS 0x0000000087500000, 0x0000000087500000| Untracked 
|  90|0x0000000087600000, 0x0000000087600000, 0x0000000087700000|  0%| F|  |TAMS 0x0000000087600000, 0x0000000087600000| Untracked 
|  91|0x0000000087700000, 0x0000000087700000, 0x0000000087800000|  0%| F|  |TAMS 0x0000000087700000, 0x0000000087700000| Untracked 
|  92|0x0000000087800000, 0x0000000087800000, 0x0000000087900000|  0%| F|  |TAMS 0x0000000087800000, 0x0000000087800000| Untracked 
|  93|0x0000000087900000, 0x0000000087900000, 0x0000000087a00000|  0%| F|  |TAMS 0x0000000087900000, 0x0000000087900000| Untracked 
|  94|0x0000000087a00000, 0x0000000087a00000, 0x0000000087b00000|  0%| F|  |TAMS 0x0000000087a00000, 0x0000000087a00000| Untracked 
|  95|0x0000000087b00000, 0x0000000087b00000, 0x0000000087c00000|  0%| F|  |TAMS 0x0000000087b00000, 0x0000000087b00000| Untracked 
|  96|0x0000000087c00000, 0x0000000087c00000, 0x0000000087d00000|  0%| F|  |TAMS 0x0000000087c00000, 0x0000000087c00000| Untracked 
|  97|0x0000000087d00000, 0x0000000087d00000, 0x0000000087e00000|  0%| F|  |TAMS 0x0000000087d00000, 0x0000000087d00000| Untracked 
|  98|0x0000000087e00000, 0x0000000087e00000, 0x0000000087f00000|  0%| F|  |TAMS 0x0000000087e00000, 0x0000000087e00000| Untracked 
|  99|0x0000000087f00000, 0x0000000087f00000, 0x0000000088000000|  0%| F|  |TAMS 0x0000000087f00000, 0x0000000087f00000| Untracked 
| 100|0x0000000088000000, 0x0000000088000000, 0x0000000088100000|  0%| F|  |TAMS 0x0000000088000000, 0x0000000088000000| Untracked 
| 101|0x0000000088100000, 0x0000000088100000, 0x0000000088200000|  0%| F|  |TAMS 0x0000000088100000, 0x0000000088100000| Untracked 
| 102|0x0000000088200000, 0x0000000088200000, 0x0000000088300000|  0%| F|  |TAMS 0x0000000088200000, 0x0000000088200000| Untracked 
| 103|0x0000000088300000, 0x0000000088300000, 0x0000000088400000|  0%| F|  |TAMS 0x0000000088300000, 0x0000000088300000| Untracked 
| 104|0x0000000088400000, 0x0000000088400000, 0x0000000088500000|  0%| F|  |TAMS 0x0000000088400000, 0x0000000088400000| Untracked 
| 105|0x0000000088500000, 0x0000000088500000, 0x0000000088600000|  0%| F|  |TAMS 0x0000000088500000, 0x0000000088500000| Untracked 
| 106|0x0000000088600000, 0x0000000088600000, 0x0000000088700000|  0%| F|  |TAMS 0x0000000088600000, 0x0000000088600000| Untracked 
| 107|0x0000000088700000, 0x0000000088700000, 0x0000000088800000|  0%| F|  |TAMS 0x0000000088700000, 0x0000000088700000| Untracked 
| 108|0x0000000088800000, 0x0000000088800000, 0x0000000088900000|  0%| F|  |TAMS 0x0000000088800000, 0x0000000088800000| Untracked 
| 109|0x0000000088900000, 0x0000000088900000, 0x0000000088a00000|  0%| F|  |TAMS 0x0000000088900000, 0x0000000088900000| Untracked 
| 110|0x0000000088a00000, 0x0000000088a00000, 0x0000000088b00000|  0%| F|  |TAMS 0x0000000088a00000, 0x0000000088a00000| Untracked 
| 111|0x0000000088b00000, 0x0000000088b00000, 0x0000000088c00000|  0%| F|  |TAMS 0x0000000088b00000, 0x0000000088b00000| Untracked 
| 112|0x0000000088c00000, 0x0000000088c00000, 0x0000000088d00000|  0%| F|  |TAMS 0x0000000088c00000, 0x0000000088c00000| Untracked 
| 113|0x0000000088d00000, 0x0000000088d00000, 0x0000000088e00000|  0%| F|  |TAMS 0x0000000088d00000, 0x0000000088d00000| Untracked 
| 114|0x0000000088e00000, 0x0000000088e00000, 0x0000000088f00000|  0%| F|  |TAMS 0x0000000088e00000, 0x0000000088e00000| Untracked 
| 115|0x0000000088f00000, 0x0000000088f00000, 0x0000000089000000|  0%| F|  |TAMS 0x0000000088f00000, 0x0000000088f00000| Untracked 
| 116|0x0000000089000000, 0x0000000089000000, 0x0000000089100000|  0%| F|  |TAMS 0x0000000089000000, 0x0000000089000000| Untracked 
| 117|0x0000000089100000, 0x0000000089100000, 0x0000000089200000|  0%| F|  |TAMS 0x0000000089100000, 0x0000000089100000| Untracked 
| 118|0x0000000089200000, 0x0000000089200000, 0x0000000089300000|  0%| F|  |TAMS 0x0000000089200000, 0x0000000089200000| Untracked 
| 119|0x0000000089300000, 0x0000000089300000, 0x0000000089400000|  0%| F|  |TAMS 0x0000000089300000, 0x0000000089300000| Untracked 
| 120|0x0000000089400000, 0x0000000089400000, 0x0000000089500000|  0%| F|  |TAMS 0x0000000089400000, 0x0000000089400000| Untracked 
| 121|0x0000000089500000, 0x0000000089500000, 0x0000000089600000|  0%| F|  |TAMS 0x0000000089500000, 0x0000000089500000| Untracked 
| 122|0x0000000089600000, 0x0000000089600000, 0x0000000089700000|  0%| F|  |TAMS 0x0000000089600000, 0x0000000089600000| Untracked 
| 123|0x0000000089700000, 0x000000008974ae48, 0x0000000089800000| 29%| E|  |TAMS 0x0000000089700000, 0x0000000089700000| Complete 
| 124|0x0000000089800000, 0x0000000089900000, 0x0000000089900000|100%| E|CS|TAMS 0x0000000089800000, 0x0000000089800000| Complete 
| 125|0x0000000089900000, 0x0000000089a00000, 0x0000000089a00000|100%| E|CS|TAMS 0x0000000089900000, 0x0000000089900000| Complete 
| 126|0x0000000089a00000, 0x0000000089b00000, 0x0000000089b00000|100%| E|CS|TAMS 0x0000000089a00000, 0x0000000089a00000| Complete 
| 127|0x0000000089b00000, 0x0000000089c00000, 0x0000000089c00000|100%| E|CS|TAMS 0x0000000089b00000, 0x0000000089b00000| Complete 

Card table byte_map: [0x000002b5187e0000,0x000002b518be0000] _byte_map_base: 0x000002b5183d2000

Marking Bits (Prev, Next): (CMBitMap*) 0x000002b505eaf440, (CMBitMap*) 0x000002b505eaf480
 Prev Bits: [0x000002b518fe0000, 0x000002b51af70000)
 Next Bits: [0x000002b51af70000, 0x000002b51cf00000)

Polling page: 0x000002b503de0000

Metaspace:

Usage:
  Non-class:      7.91 MB used.
      Class:    756.00 KB used.
       Both:      8.64 MB used.

Virtual space:
  Non-class space:       16.00 MB reserved,       7.94 MB ( 50%) committed,  2 nodes.
      Class space:        1.00 GB reserved,     832.00 KB ( <1%) committed,  1 nodes.
              Both:        1.02 GB reserved,       8.75 MB ( <1%) committed. 

Chunk freelists:
   Non-Class:  3.97 MB
       Class:  3.25 MB
        Both:  7.21 MB

MaxMetaspaceSize: 17179869184.00 GB
CompressedClassSpaceSize: 1.00 GB
 - commit_granule_bytes: 65536.
 - commit_granule_words: 8192.
 - virtual_space_node_default_size: 1048576.
 - enlarge_chunks_in_place: 1.
 - new_chunks_are_fully_committed: 0.
 - uncommit_free_chunks: 1.
 - use_allocation_guard: 0.
 - handle_deallocations: 1.


Internal statistics:

num_allocs_failed_limit: 0.
num_arena_births: 8.
num_arena_deaths: 0.
num_vsnodes_births: 3.
num_vsnodes_deaths: 0.
num_space_committed: 140.
num_space_uncommitted: 0.
num_chunks_returned_to_freelist: 0.
num_chunks_taken_from_freelist: 30.
num_chunk_merges: 0.
num_chunk_splits: 11.
num_chunks_enlarged: 8.
num_purges: 0.

CodeHeap 'non-profiled nmethods': size=120000Kb used=105Kb max_used=105Kb free=119895Kb
 bounds [0x000002b510eb0000, 0x000002b511120000, 0x000002b5183e0000]
CodeHeap 'profiled nmethods': size=120000Kb used=493Kb max_used=493Kb free=119506Kb
 bounds [0x000002b509980000, 0x000002b509bf0000, 0x000002b510eb0000]
CodeHeap 'non-nmethods': size=5760Kb used=1199Kb max_used=1213Kb free=4560Kb
 bounds [0x000002b5093e0000, 0x000002b509650000, 0x000002b509980000]
 total_blobs=760 nmethods=355 adapters=318
 compilation: enabled
              stopped_count=0, restarted_count=0
 full_count=0

Compilation events (20 events):
Event: 0.902 Thread 0x000002b52008af50 nmethod 338 0x000002b5099f4790 code [0x000002b5099f4960, 0x000002b5099f4c38]
Event: 0.902 Thread 0x000002b52008af50  339       3       java.security.Provider$ServiceKey::<init> (39 bytes)
Event: 0.903 Thread 0x000002b52008af50 nmethod 339 0x000002b5099f4d10 code [0x000002b5099f4f00, 0x000002b5099f5428]
Event: 0.903 Thread 0x000002b52008af50  340       3       java.util.concurrent.ConcurrentHashMap$Node::<init> (14 bytes)
Event: 0.903 Thread 0x000002b52008af50 nmethod 340 0x000002b5099f5610 code [0x000002b5099f57c0, 0x000002b5099f5ab8]
Event: 0.903 Thread 0x000002b52008af50  341       1       java.security.Provider$UString::toString (5 bytes)
Event: 0.903 Thread 0x000002b52008af50 nmethod 341 0x000002b510ec9110 code [0x000002b510ec92a0, 0x000002b510ec9378]
Event: 0.903 Thread 0x000002b52008af50  342       1       java.security.Provider$Service::getProvider (5 bytes)
Event: 0.903 Thread 0x000002b52008af50 nmethod 342 0x000002b510ec9410 code [0x000002b510ec95a0, 0x000002b510ec9678]
Event: 0.903 Thread 0x000002b52008af50  343       3       sun.security.provider.SHA2::implCompress (13 bytes)
Event: 0.904 Thread 0x000002b52008af50 nmethod 343 0x000002b5099f5b90 code [0x000002b5099f5d80, 0x000002b5099f60e8]
Event: 0.904 Thread 0x000002b52008af50  344       3       sun.security.provider.SHA2::implCompressCheck (15 bytes)
Event: 0.904 Thread 0x000002b52008af50 nmethod 344 0x000002b5099f6290 code [0x000002b5099f6460, 0x000002b5099f6718]
Event: 0.904 Thread 0x000002b52008af50  345       3       java.util.HashSet::contains (9 bytes)
Event: 0.904 Thread 0x000002b52008af50 nmethod 345 0x000002b5099f6890 code [0x000002b5099f6a40, 0x000002b5099f6cc8]
Event: 0.907 Thread 0x000002b52008af50  347       3       java.lang.String::startsWith (138 bytes)
Event: 0.908 Thread 0x000002b52008af50 nmethod 347 0x000002b5099f6e10 code [0x000002b5099f7040, 0x000002b5099f78f8]
Event: 0.909 Thread 0x000002b52008af50  348       3       sun.security.provider.ByteArrayAccess::b2iBig64 (614 bytes)
Event: 0.909 Thread 0x000002b51f438a90  349 %     4       sun.security.provider.SHA2::implCompress0 @ 3 (466 bytes)
Event: 0.910 Thread 0x000002b52008af50 nmethod 348 0x000002b5099f7c10 code [0x000002b5099f7e80, 0x000002b5099f8c28]

GC Heap History (0 events):
No events

Deoptimization events (8 events):
Event: 0.698 Thread 0x000002b505e6b1d0 Uncommon trap: trap_request=0xffffffde fr.pc=0x000002b510ebcfe8 relative=0x00000000000009e8
Event: 0.698 Thread 0x000002b505e6b1d0 Uncommon trap: reason=class_check action=maybe_recompile pc=0x000002b510ebcfe8 method=java.util.HashMap.putVal(ILjava/lang/Object;Ljava/lang/Object;ZZ)Ljava/lang/Object; @ 152 c2
Event: 0.698 Thread 0x000002b505e6b1d0 DEOPT PACKING pc=0x000002b510ebcfe8 sp=0x000000dbd5ffe680
Event: 0.698 Thread 0x000002b505e6b1d0 DEOPT UNPACKING pc=0x000002b50942d72e sp=0x000000dbd5ffe620 mode 2
Event: 0.721 Thread 0x000002b505e6b1d0 Uncommon trap: trap_request=0xffffff45 fr.pc=0x000002b510ebd0c0 relative=0x0000000000000ac0
Event: 0.721 Thread 0x000002b505e6b1d0 Uncommon trap: reason=unstable_if action=reinterpret pc=0x000002b510ebd0c0 method=java.util.HashMap.putVal(ILjava/lang/Object;Ljava/lang/Object;ZZ)Ljava/lang/Object; @ 181 c2
Event: 0.721 Thread 0x000002b505e6b1d0 DEOPT PACKING pc=0x000002b510ebd0c0 sp=0x000000dbd5ffe4a0
Event: 0.721 Thread 0x000002b505e6b1d0 DEOPT UNPACKING pc=0x000002b50942d72e sp=0x000000dbd5ffe460 mode 2

Classes unloaded (0 events):
No events

Classes redefined (0 events):
No events

Internal exceptions (0 events):
No events

Events (20 events):
Event: 0.905 loading class java/security/Permissions
Event: 0.905 loading class java/security/Permissions done
Event: 0.905 loading class java/security/BasicPermissionCollection
Event: 0.905 loading class java/security/BasicPermissionCollection done
Event: 0.905 loading class java/security/UnresolvedPermission
Event: 0.905 loading class java/security/UnresolvedPermission done
Event: 0.905 loading class java/security/SecureClassLoader$DebugHolder
Event: 0.905 loading class java/security/SecureClassLoader$DebugHolder done
Event: 0.906 loading class java/lang/instrument/ClassFileTransformer
Event: 0.906 loading class java/lang/instrument/ClassFileTransformer done
Event: 0.907 loading class sun/instrument/InstrumentationImpl$1
Event: 0.907 loading class sun/instrument/InstrumentationImpl$1 done
Event: 0.911 loading class sun/net/www/protocol/jrt/Handler
Event: 0.911 loading class sun/net/www/protocol/jrt/Handler done
Event: 0.912 loading class sun/net/www/protocol/jrt/JavaRuntimeURLConnection
Event: 0.912 loading class sun/net/www/URLConnection
Event: 0.912 loading class java/net/URLConnection
Event: 0.912 loading class java/net/URLConnection done
Event: 0.912 loading class sun/net/www/URLConnection done
Event: 0.912 loading class sun/net/www/protocol/jrt/JavaRuntimeURLConnection done


Dynamic libraries:
0x00007ff7ce290000 - 0x00007ff7ce29e000 	C:\Users\hp\.p2\pool\plugins\org.eclipse.justj.openjdk.hotspot.jre.full.win32.x86_64_16.0.2.v20210721-1149\jre\bin\javaw.exe
0x00007ffdcffa0000 - 0x00007ffdd0190000 	C:\Windows\SYSTEM32\ntdll.dll
0x00007ffdcec00000 - 0x00007ffdcecb2000 	C:\Windows\System32\KERNEL32.DLL
0x00007ffdcdbb0000 - 0x00007ffdcde53000 	C:\Windows\System32\KERNELBASE.dll
0x00007ffdccf30000 - 0x00007ffdcd02a000 	C:\Windows\System32\ucrtbase.dll
0x00007ffd88130000 - 0x00007ffd88148000 	C:\Users\hp\.p2\pool\plugins\org.eclipse.justj.openjdk.hotspot.jre.full.win32.x86_64_16.0.2.v20210721-1149\jre\bin\jli.dll
0x00007ffdcea00000 - 0x00007ffdceb94000 	C:\Windows\System32\USER32.dll
0x00007ffdcd0e0000 - 0x00007ffdcd101000 	C:\Windows\System32\win32u.dll
0x00007ffdce0d0000 - 0x00007ffdce0f6000 	C:\Windows\System32\GDI32.dll
0x00007ffdcd170000 - 0x00007ffdcd304000 	C:\Windows\System32\gdi32full.dll
0x00007ffdcdfb0000 - 0x00007ffdce04e000 	C:\Windows\System32\msvcp_win.dll
0x00007ffdbab60000 - 0x00007ffdbade5000 	C:\Windows\WinSxS\amd64_microsoft.windows.common-controls_6595b64144ccf1df_6.0.18362.418_none_e6c6b287130d565d\COMCTL32.dll
0x00007ffdcef50000 - 0x00007ffdcefee000 	C:\Windows\System32\msvcrt.dll
0x00007ffdcfb70000 - 0x00007ffdcfea6000 	C:\Windows\System32\combase.dll
0x00007ffdcee30000 - 0x00007ffdcef50000 	C:\Windows\System32\RPCRT4.dll
0x00007ffdcd060000 - 0x00007ffdcd0e0000 	C:\Windows\System32\bcryptPrimitives.dll
0x00007ffd82180000 - 0x00007ffd82199000 	C:\Users\hp\.p2\pool\plugins\org.eclipse.justj.openjdk.hotspot.jre.full.win32.x86_64_16.0.2.v20210721-1149\jre\bin\VCRUNTIME140.dll
0x00007ffdce110000 - 0x00007ffdce13e000 	C:\Windows\System32\IMM32.DLL
0x00007ffdba320000 - 0x00007ffdba32c000 	C:\Users\hp\.p2\pool\plugins\org.eclipse.justj.openjdk.hotspot.jre.full.win32.x86_64_16.0.2.v20210721-1149\jre\bin\vcruntime140_1.dll
0x00007ffd7a590000 - 0x00007ffd7a621000 	C:\Users\hp\.p2\pool\plugins\org.eclipse.justj.openjdk.hotspot.jre.full.win32.x86_64_16.0.2.v20210721-1149\jre\bin\msvcp140.dll
0x00007ffd5d190000 - 0x00007ffd5dd3b000 	C:\Users\hp\.p2\pool\plugins\org.eclipse.justj.openjdk.hotspot.jre.full.win32.x86_64_16.0.2.v20210721-1149\jre\bin\server\jvm.dll
0x00007ffdcfeb0000 - 0x00007ffdcff53000 	C:\Windows\System32\ADVAPI32.dll
0x00007ffdcecc0000 - 0x00007ffdced57000 	C:\Windows\System32\sechost.dll
0x00007ffdcf620000 - 0x00007ffdcf628000 	C:\Windows\System32\PSAPI.DLL
0x00007ffdc3540000 - 0x00007ffdc3549000 	C:\Windows\SYSTEM32\WSOCK32.dll
0x00007ffdcf630000 - 0x00007ffdcf69f000 	C:\Windows\System32\WS2_32.dll
0x00007ffdc72d0000 - 0x00007ffdc72f4000 	C:\Windows\SYSTEM32\WINMM.dll
0x00007ffdc6f30000 - 0x00007ffdc6f5d000 	C:\Windows\SYSTEM32\WINMMBASE.dll
0x00007ffdcd310000 - 0x00007ffdcd35a000 	C:\Windows\System32\cfgmgr32.dll
0x00007ffdcca70000 - 0x00007ffdcca7a000 	C:\Windows\SYSTEM32\VERSION.dll
0x00007ffdcce80000 - 0x00007ffdcce91000 	C:\Windows\System32\kernel.appcore.dll
0x00007ffdc3da0000 - 0x00007ffdc3daa000 	C:\Users\hp\.p2\pool\plugins\org.eclipse.justj.openjdk.hotspot.jre.full.win32.x86_64_16.0.2.v20210721-1149\jre\bin\jimage.dll
0x00007ffdcb7f0000 - 0x00007ffdcb9e4000 	C:\Windows\SYSTEM32\DBGHELP.DLL
0x00007ffdaf190000 - 0x00007ffdaf1ba000 	C:\Windows\SYSTEM32\dbgcore.DLL
0x00007ffdb9f90000 - 0x00007ffdb9fcb000 	C:\Users\hp\.p2\pool\plugins\org.eclipse.justj.openjdk.hotspot.jre.full.win32.x86_64_16.0.2.v20210721-1149\jre\bin\jdwp.dll
0x00007ffdc5970000 - 0x00007ffdc597e000 	C:\Users\hp\.p2\pool\plugins\org.eclipse.justj.openjdk.hotspot.jre.full.win32.x86_64_16.0.2.v20210721-1149\jre\bin\instrument.dll
0x00007ffdb7ed0000 - 0x00007ffdb7ef5000 	C:\Users\hp\.p2\pool\plugins\org.eclipse.justj.openjdk.hotspot.jre.full.win32.x86_64_16.0.2.v20210721-1149\jre\bin\java.dll
0x00007ffda2370000 - 0x00007ffda2388000 	C:\Users\hp\.p2\pool\plugins\org.eclipse.justj.openjdk.hotspot.jre.full.win32.x86_64_16.0.2.v20210721-1149\jre\bin\zip.dll
0x00007ffdce140000 - 0x00007ffdce825000 	C:\Windows\System32\SHELL32.dll
0x00007ffdceff0000 - 0x00007ffdcf099000 	C:\Windows\System32\shcore.dll
0x00007ffdcd430000 - 0x00007ffdcdbaf000 	C:\Windows\System32\windows.storage.dll
0x00007ffdccea0000 - 0x00007ffdccebf000 	C:\Windows\System32\profapi.dll
0x00007ffdccec0000 - 0x00007ffdccf0a000 	C:\Windows\System32\powrprof.dll
0x00007ffdcce70000 - 0x00007ffdcce80000 	C:\Windows\System32\UMPDC.dll
0x00007ffdce830000 - 0x00007ffdce882000 	C:\Windows\System32\shlwapi.dll
0x00007ffdcd410000 - 0x00007ffdcd427000 	C:\Windows\System32\cryptsp.dll
0x00007ffdc4260000 - 0x00007ffdc426c000 	C:\Users\hp\.p2\pool\plugins\org.eclipse.justj.openjdk.hotspot.jre.full.win32.x86_64_16.0.2.v20210721-1149\jre\bin\dt_socket.dll
0x00007ffdcc380000 - 0x00007ffdcc3ba000 	C:\Windows\SYSTEM32\IPHLPAPI.DLL
0x00007ffdcc670000 - 0x00007ffdcc6d7000 	C:\Windows\system32\mswsock.dll
0x00007ffdcc3c0000 - 0x00007ffdcc48a000 	C:\Windows\SYSTEM32\DNSAPI.dll
0x00007ffdce100000 - 0x00007ffdce108000 	C:\Windows\System32\NSI.dll
0x00007ffdb98d0000 - 0x00007ffdb98da000 	C:\Windows\System32\rasadhlp.dll
0x00007ffdbdba0000 - 0x00007ffdbdc17000 	C:\Windows\System32\fwpuclnt.dll
0x00007ffdcd030000 - 0x00007ffdcd056000 	C:\Windows\System32\bcrypt.dll
0x00007ffd9f840000 - 0x00007ffd9f859000 	C:\Users\hp\.p2\pool\plugins\org.eclipse.justj.openjdk.hotspot.jre.full.win32.x86_64_16.0.2.v20210721-1149\jre\bin\net.dll
0x00007ffdc35d0000 - 0x00007ffdc36c0000 	C:\Windows\SYSTEM32\WINHTTP.dll
0x00007ffd9f820000 - 0x00007ffd9f833000 	C:\Users\hp\.p2\pool\plugins\org.eclipse.justj.openjdk.hotspot.jre.full.win32.x86_64_16.0.2.v20210721-1149\jre\bin\nio.dll

dbghelp: loaded successfully - version: 4.0.5 - missing functions: none
symbol engine: initialized successfully - sym options: 0x614 - pdb path: .;C:\Users\hp\.p2\pool\plugins\org.eclipse.justj.openjdk.hotspot.jre.full.win32.x86_64_16.0.2.v20210721-1149\jre\bin;C:\Windows\SYSTEM32;C:\Windows\WinSxS\amd64_microsoft.windows.common-controls_6595b64144ccf1df_6.0.18362.418_none_e6c6b287130d565d;C:\Users\hp\.p2\pool\plugins\org.eclipse.justj.openjdk.hotspot.jre.full.win32.x86_64_16.0.2.v20210721-1149\jre\bin\server

VM Arguments:
jvm_args: -XX:+ShowCodeDetailsInExceptionMessages -agentlib:jdwp=transport=dt_socket,suspend=y,address=localhost:54627 -javaagent:E:\.eclipse\eclipse\configuration\org.eclipse.osgi\222\0\.cp\lib\javaagent-shaded.jar -Dfile.encoding=GBK 
java_command: DrawingBoxes
java_class_path (initial): C:\Users\hp\workspace\java\Assignment1\bin
Launcher Type: SUN_STANDARD

[Global flags]
     intx CICompilerCount                          = 3                                         {product} {ergonomic}
     uint ConcGCThreads                            = 1                                         {product} {ergonomic}
     uint G1ConcRefinementThreads                  = 4                                         {product} {ergonomic}
   size_t G1HeapRegionSize                         = 1048576                                   {product} {ergonomic}
    uintx GCDrainStackTargetSize                   = 64                                        {product} {ergonomic}
   size_t InitialHeapSize                          = 134217728                                 {product} {ergonomic}
   size_t MarkStackSize                            = 4194304                                   {product} {ergonomic}
   size_t MaxHeapSize                              = 2118123520                                {product} {ergonomic}
   size_t MaxNewSize                               = 1270874112                                {product} {ergonomic}
   size_t MinHeapDeltaBytes                        = 1048576                                   {product} {ergonomic}
   size_t MinHeapSize                              = 8388608                                   {product} {ergonomic}
    uintx NonNMethodCodeHeapSize                   = 5832780                                {pd product} {ergonomic}
    uintx NonProfiledCodeHeapSize                  = 122912730                              {pd product} {ergonomic}
    uintx ProfiledCodeHeapSize                     = 122912730                              {pd product} {ergonomic}
    uintx ReservedCodeCacheSize                    = 251658240                              {pd product} {ergonomic}
     bool SegmentedCodeCache                       = true                                      {product} {ergonomic}
     bool ShowCodeDetailsInExceptionMessages       = true                                   {manageable} {command line}
   size_t SoftMaxHeapSize                          = 2118123520                             {manageable} {ergonomic}
     bool UseCompressedClassPointers               = true                           {product lp64_product} {ergonomic}
     bool UseCompressedOops                        = true                           {product lp64_product} {ergonomic}
     bool UseG1GC                                  = true                                      {product} {ergonomic}
     bool UseLargePagesIndividualAllocation        = false                                  {pd product} {ergonomic}

Logging:
Log output configuration:
 #0: stdout all=warning uptime,level,tags
 #1: stderr all=off uptime,level,tags

Environment Variables:
PATH=C:\Users\hp\.p2\pool\plugins\org.eclipse.justj.openjdk.hotspot.jre.full.win32.x86_64_16.0.2.v20210721-1149\jre\bin;C:/Users/hp/.p2/pool/plugins/org.eclipse.justj.openjdk.hotspot.jre.full.win32.x86_64_16.0.2.v20210721-1149/jre/bin/server;C:/Users/hp/.p2/pool/plugins/org.eclipse.justj.openjdk.hotspot.jre.full.win32.x86_64_16.0.2.v20210721-1149/jre/bin;E:\bin;C:\Windows\system32;C:\Windows;C:\Windows\System32\Wbem;C:\Windows\System32\WindowsPowerShell\v1.0\;C:\Windows\System32\OpenSSH\;C:\Program Files\Git\cmd;C:\Users\hp\AppData\Local\Programs\Python\Python39\Scripts\;C:\Users\hp\AppData\Local\Programs\Python\Python39\;C:\Users\hp\AppData\Local\Microsoft\WindowsApps;C:\Users\hp\AppData\Local\GitHubDesktop\bin;E:\IntelliJ IDEA Community Edition 2021.2.2\bin;;C:\Users\hp\Desktop;
USERNAME=hp
OS=Windows_NT
PROCESSOR_IDENTIFIER=Intel64 Family 6 Model 78 Stepping 3, GenuineIntel



---------------  S Y S T E M  ---------------

OS:
 Windows 10 , 64 bit Build 18362 (10.0.18362.329)
OS uptime: 2 days 10:12 hours

CPU: total 4 (initial active 4) (2 cores per cpu, 2 threads per core) family 6 model 78 stepping 3 microcode 0xc6, cx8, cmov, fxsr, ht, mmx, 3dnowpref, sse, sse2, sse3, ssse3, sse4.1, sse4.2, popcnt, lzcnt, tsc, tscinvbit, avx, avx2, aes, erms, clmul, bmi1, bmi2, rtm, adx, fma, vzeroupper, clflush, clflushopt

Memory: 4k page, system-wide physical 8072M (452M free)
TotalPageFile size 19985M (AvailPageFile size 0M)
current process WorkingSet (physical memory assigned to process): 43M, peak: 43M
current process commit charge ("private bytes"): 201M, peak: 201M

vm_info: OpenJDK 64-Bit Server VM (16.0.2+7-67) for windows-amd64 JRE (16.0.2+7-67), built on Jun  8 2021 23:21:43 by "mach5one" with MS VC++ 16.7 (VS2019)

END.
